A.J. Bramlett raiz esq esq esq esq NAO
Aaron Williams raiz esq esq esq esq NAO
Adrian Smith raiz esq esq esq esq NAO
Al Ferrari raiz esq esq esq esq NAO
Alec Kessler raiz esq esq esq esq NAO
Andy Johnson raiz esq esq esq esq NAO
Ariel Maughan raiz esq esq esq esq NAO
Art Burris raiz esq esq esq esq NAO
Ben McDonald raiz esq esq esq esq NAO
Ben Poquette raiz esq esq esq esq NAO
Bill Ebben raiz esq esq esq esq NAO
Bill Laimbeer raiz esq esq esq esq NAO
Bob Kinney raiz esq esq esq esq NAO
Bob Schafer raiz esq esq esq esq NAO
Bones McKinney raiz esq esq esq esq NAO
Carl Shaeffer raiz esq esq esq esq NAO
Cheick Diallo raiz esq esq esq esq NAO
Chris Harris raiz esq esq esq esq NAO
Chris Welp raiz esq esq esq esq NAO
Cliff Barker raiz esq esq esq esq NAO
Craig Dykema raiz esq esq esq esq NAO
Curtis Kitchen raiz esq esq esq esq NAO
Damian Jones raiz esq esq esq esq NAO
Damjan Rudez raiz esq esq esq esq NAO
Darnell Mee raiz esq esq esq esq NAO
Darren Tillis raiz esq esq esq esq NAO
Darryl Johnson raiz esq esq esq esq NAO
Dejounte Murray raiz esq esq esq esq NAO
Devin Booker raiz esq esq esq esq NAO
Devyn Marble raiz esq esq esq esq NAO
Dick Schnittker raiz esq esq esq esq NAO
Dijon Thompson raiz esq esq esq esq NAO
Donatas Motiejunas raiz esq esq esq esq NAO
Ed Dahler raiz esq esq esq esq NAO
Eddie Phillips raiz esq esq esq esq NAO
Eric Riley raiz esq esq esq esq NAO
Frank Johnson raiz esq esq esq esq NAO
Frank Selvy raiz esq esq esq esq NAO
Gaylon Nickerson raiz esq esq esq esq NAO
George Reynolds raiz esq esq esq esq NAO
Glenn McDonald raiz esq esq esq esq NAO
Harold Pressley raiz esq esq esq esq NAO
Hassan Whiteside raiz esq esq esq esq NAO
Herb Williams raiz esq esq esq esq NAO
Hiram Fuller raiz esq esq esq esq NAO
Ira Newble raiz esq esq esq esq NAO
Jack George raiz esq esq esq esq NAO
Jack Molinas raiz esq esq esq esq NAO
James Blackwell raiz esq esq esq esq NAO
Jaren Jackson raiz esq esq esq esq NAO
Jeff Sanders raiz esq esq esq esq NAO
Jeremy Evans raiz esq esq esq esq NAO
Jerry Fleishman raiz esq esq esq esq NAO
Joe Buckhalter raiz esq esq esq esq NAO
Joe Caldwell raiz esq esq esq esq NAO
Joe Young raiz esq esq esq esq NAO
John Johnson raiz esq esq esq esq NAO
John Stroud raiz esq esq esq esq NAO
Johnny Jones raiz esq esq esq esq NAO
Johnny Orr raiz esq esq esq esq NAO
Ken Johnson raiz esq esq esq esq NAO
Ken Norman raiz esq esq esq esq NAO
Kevin Grevey raiz esq esq esq esq NAO
Kevin Willis raiz esq esq esq esq NAO
Larry Drew raiz esq esq esq esq NAO
Larry Sykes raiz esq esq esq esq NAO
Leo Kubiak raiz esq esq esq esq NAO
Lionel Chalmers raiz esq esq esq esq NAO
Lorenzen Wright raiz esq esq esq esq NAO
Luigi Datome raiz esq esq esq esq NAO
Luis Flores raiz esq esq esq esq NAO
Mamadou N'Diaye raiz esq esq esq esq NAO
Marcus Fizer raiz esq esq esq esq NAO
Mark Strickland raiz esq esq esq esq NAO
Marvin Barnes raiz esq esq esq esq NAO
Mason Plumlee raiz esq esq esq esq NAO
Michael Phelps raiz esq esq esq esq NAO
Michael Stewart raiz esq esq esq esq NAO
Mike Davis raiz esq esq esq esq NAO
Montrezl Harrell raiz esq esq esq esq NAO
Nick Fazekas raiz esq esq esq esq NAO
Nikola Vucevic raiz esq esq esq esq NAO
Nolan Smith raiz esq esq esq esq NAO
Ollie Johnson raiz esq esq esq esq NAO
Omri Casspi raiz esq esq esq esq NAO
Othello Hunter raiz esq esq esq esq NAO
Paul Walther raiz esq esq esq esq NAO
Peyton Siva raiz esq esq esq esq NAO
Predrag Drobnjak raiz esq esq esq esq NAO
Quincy Acy raiz esq esq esq esq NAO
Ralph Drollinger raiz esq esq esq esq NAO
Robert Horry raiz esq esq esq esq NAO
Ron Harper raiz esq esq esq esq NAO
Russ Schoene raiz esq esq esq esq NAO
Sarunas Marciulionis raiz esq esq esq esq NAO
Stephen Thompson raiz esq esq esq esq NAO
Thaddeus Young raiz esq esq esq esq NAO
Toby Kimball raiz esq esq esq esq NAO
Tony Bennett raiz esq esq esq esq NAO
Walter Dukes raiz esq esq esq esq NAO
