1	Cliff Barker
104	Leo Kubiak
1047	Glenn McDonald
1087	Kevin Grevey
1124	Marvin Barnes
119	Ariel Maughan
1425	Bill Laimbeer
1456	John Stroud
1487	Craig Dykema
149	Johnny Orr
1494	Frank Johnson
1525	Herb Williams
1565	Eddie Phillips
1572	Russ Schoene
1583	Darren Tillis
1702	Kevin Willis
1731	Ken Johnson
1742	Ben McDonald
1748	Michael Phelps
1786	Ron Harper
1796	Curtis Kitchen
1809	Harold Pressley
1868	Ken Norman
1880	Chris Welp
193	Carl Shaeffer
1998	Jaren Jackson
2035	Jeff Sanders
2083	Alec Kessler
217	Paul Walther
2177	Stephen Thompson
2183	Tony Bennett
2203	Robert Horry
228	Art Burris
401	Chris Harris
412	Bob Schafer
448	Bill Ebben
479	Andy Johnson
53	Jerry Fleishman
533	Joe Buckhalter
557	Adrian Smith
627	Joe Caldwell
687	Toby Kimball
721	Johnny Jones
797	Mike Davis
812	George Reynolds
848	John Johnson
950	Ollie Johnson
98	Bob Kinney
Aaron Williams raiz NAO
Adrian Smith raiz SIM
Al Ferrari raiz NAO
Alec Kessler raiz SIM
Andy Johnson raiz SIM
Ariel Maughan raiz SIM
Art Burris raiz SIM
Ben McDonald raiz SIM
Ben Poquette raiz NAO
Bill Ebben raiz SIM
Bill Laimbeer raiz SIM
Bob Kinney raiz SIM
Bob Schafer raiz SIM
Bones McKinney raiz NAO
Carl Shaeffer raiz SIM
Cheick Diallo raiz NAO
Chris Harris raiz SIM
Chris Welp raiz SIM
Cliff Barker raiz SIM
Craig Dykema raiz SIM
Curtis Kitchen raiz SIM
Damian Jones raiz NAO
Damjan Rudez raiz NAO
Darnell Mee raiz NAO
Darren Tillis raiz SIM
Darryl Johnson raiz NAO
Dejounte Murray raiz NAO
Devin Booker raiz NAO
Devyn Marble raiz NAO
Dick Schnittker raiz NAO
Dijon Thompson raiz NAO
Donatas Motiejunas raiz NAO
Ed Dahler raiz NAO
Eddie Phillips raiz SIM
Eric Riley raiz NAO
Frank Johnson raiz SIM
Frank Selvy raiz NAO
Gaylon Nickerson raiz NAO
George Reynolds raiz SIM
Glenn McDonald raiz SIM
Harold Pressley raiz SIM
Hassan Whiteside raiz NAO
Herb Williams raiz SIM
Hiram Fuller raiz NAO
Ira Newble raiz NAO
Jack George raiz NAO
Jack Molinas raiz NAO
James Blackwell raiz NAO
Jaren Jackson raiz SIM
Jeff Sanders raiz SIM
Jeremy Evans raiz NAO
Jerry Fleishman raiz SIM
Joe Buckhalter raiz SIM
Joe Caldwell raiz SIM
Joe Young raiz NAO
John Johnson raiz SIM
John Stroud raiz SIM
Johnny Jones raiz SIM
Johnny Orr raiz SIM
Ken Johnson raiz SIM
Ken Norman raiz SIM
Kevin Grevey raiz SIM
Kevin Willis raiz SIM
Larry Drew raiz NAO
Larry Sykes raiz NAO
Leo Kubiak raiz SIM
Lionel Chalmers raiz NAO
Lorenzen Wright raiz NAO
Luigi Datome raiz NAO
Luis Flores raiz NAO
Mamadou N'Diaye raiz NAO
Marcus Fizer raiz NAO
Mark Strickland raiz NAO
Marvin Barnes raiz SIM
Mason Plumlee raiz NAO
Michael Phelps raiz SIM
Michael Stewart raiz NAO
Mike Davis raiz SIM
Montrezl Harrell raiz NAO
Nick Fazekas raiz NAO
Nikola Vucevic raiz NAO
Nolan Smith raiz NAO
Ollie Johnson raiz SIM
Omri Casspi raiz NAO
Othello Hunter raiz NAO
Paul Walther raiz SIM
Peyton Siva raiz NAO
Predrag Drobnjak raiz NAO
Quincy Acy raiz NAO
Ralph Drollinger raiz NAO
Robert Horry raiz SIM
Ron Harper raiz SIM
Russ Schoene raiz SIM
Sarunas Marciulionis raiz NAO
Stephen Thompson raiz SIM
Thaddeus Young raiz NAO
Toby Kimball raiz SIM
Tony Bennett raiz SIM
Walter Dukes raiz NAO
