185
185
183
185
186
191
195
200
203
206
203
200
197
196
195
196
196
199
197
199
200
204
200
201
200
199
200
202
201
202
203
203
206
207
207
203
200
194
194
192
191
189
196
194
195
200
206
204
200
202
200
195
193
196
197
194
194
193
194
191
193
192
195
196
192
194
196
193
196
198
197
196
201
198
197
196
196
196
195
199
205
203
199
201
198
194
198
198
197
199
201
201
201
201
202
200
198
199
197
196
197
194
195
195
192
193
195
196
196
197
194
193
191
193
194
197
198
199
200
200
201
199
198
199
195
194
194
194
195
199
201
204
201
198
198
196
196
(R) Peyton Siva
(R) Bobby Smith
202
203
202
201
(R) Dave Stallworth
201
200
195
195
193
191
193
(R) Rajon Rondo
(R) Norm Van
(R) Markieff Morris
[0] ## John Warren ## 190 ## 81 ## 1947 ## St. John's University ## Sparta ## Georgia ##
[1] ## Damir Markota ## 208 ## 102 ## 1985 ## nao informado ## Sarajevo ## Bosnia and Herzegovina ##
