A.J. Bramlett raiz esq esq esq esq NÃO
Aaron Williams raiz esq esq esq esq NÃO
Adrian Smith raiz esq esq esq SIM
Al Ferrari raiz esq esq esq dir NÃO
Alec Kessler raiz esq esq SIM
Andy Johnson raiz esq esq dir SIM
Ariel Maughan raiz esq SIM
Art Burris raiz esq dir esq esq SIM
Ben McDonald raiz esq dir esq SIM
Ben Poquette raiz esq dir esq dir esq NÃO
Bill Ebben raiz esq dir esq dir SIM
Bill Laimbeer raiz esq dir SIM
Bob Kinney raiz esq dir dir esq esq esq SIM
Bob Schafer raiz esq dir dir esq esq SIM
Bones McKinney raiz esq dir dir esq esq dir NÃO
Carl Shaeffer raiz esq dir dir esq SIM
Cheick Diallo raiz esq dir dir esq dir esq NÃO
Chris Harris raiz esq dir dir esq dir SIM
Chris Welp raiz esq dir dir SIM
Cliff Barker raiz SIM
Craig Dykema raiz dir esq esq SIM
Curtis Kitchen raiz dir esq esq dir esq esq esq SIM
Damian Jones raiz dir esq esq dir esq esq esq dir NÃO
Damjan Rudez raiz dir esq esq dir esq esq esq dir NÃO
Darnell Mee raiz dir esq esq dir esq esq esq dir NÃO
Darren Tillis raiz dir esq esq dir esq esq SIM
Darryl Johnson raiz dir esq esq dir esq esq dir NÃO
Dejounte Murray raiz dir esq esq dir esq esq dir NÃO
Devin Booker raiz dir esq esq dir esq esq dir NÃO
Devyn Marble raiz dir esq esq dir esq esq dir NÃO
Dick Schnittker raiz dir esq esq dir esq esq dir NÃO
Dijon Thompson raiz dir esq esq dir esq esq dir NÃO
Donatas Motiejunas raiz dir esq esq dir esq esq dir NÃO
Ed Dahler raiz dir esq esq dir esq esq dir NÃO
Eddie Phillips raiz dir esq esq dir esq SIM
Eric Riley raiz dir esq esq dir esq dir NÃO
Frank Johnson raiz dir esq esq dir SIM
Frank Selvy raiz dir esq esq dir dir esq NÃO
Gaylon Nickerson raiz dir esq esq dir dir esq NÃO
George Reynolds raiz dir esq esq dir dir SIM
Glenn McDonald raiz dir esq SIM
Harold Pressley raiz dir esq dir esq esq esq SIM
Hassan Whiteside raiz dir esq dir esq esq esq dir NÃO
Herb Williams raiz dir esq dir esq esq SIM
Hiram Fuller raiz dir esq dir esq esq dir esq NÃO
Ira Newble raiz dir esq dir esq esq dir esq NÃO
Jack George raiz dir esq dir esq esq dir esq NÃO
Jack Molinas raiz dir esq dir esq esq dir esq NÃO
James Blackwell raiz dir esq dir esq esq dir esq NÃO
Jaren Jackson raiz dir esq dir esq esq dir SIM
Jeff Sanders raiz dir esq dir esq esq dir dir SIM
Jeremy Evans raiz dir esq dir esq esq dir dir dir esq NÃO
Jerry Fleishman raiz dir esq dir esq esq dir dir dir SIM
Joe Buckhalter raiz dir esq dir esq esq dir dir dir dir SIM
Joe Caldwell raiz dir esq dir esq esq dir dir dir dir dir SIM
Joe Young raiz dir esq dir esq esq dir dir dir dir dir dir esq NÃO
John Johnson raiz dir esq dir esq esq dir dir dir dir dir dir SIM
John Stroud raiz dir esq dir esq SIM
Johnny Jones raiz dir esq dir esq dir esq SIM
Johnny Orr raiz dir esq dir esq dir SIM
Ken Johnson raiz dir esq dir esq dir dir SIM
Ken Norman raiz dir esq dir esq dir dir dir SIM
Kevin Grevey raiz dir esq dir SIM
Kevin Willis raiz dir esq dir dir SIM
Larry Drew raiz dir esq dir dir dir NÃO
Larry Sykes raiz dir esq dir dir dir NÃO
Leo Kubiak raiz dir SIM
Lionel Chalmers raiz dir dir esq NÃO
Lorenzen Wright raiz dir dir esq NÃO
Luigi Datome raiz dir dir esq NÃO
Luis Flores raiz dir dir esq NÃO
Mamadou N'Diaye raiz dir dir esq NÃO
Marcus Fizer raiz dir dir esq NÃO
Mark Strickland raiz dir dir esq NÃO
Marvin Barnes raiz dir dir SIM
Mason Plumlee raiz dir dir dir esq esq NÃO
Michael Phelps raiz dir dir dir esq SIM
Michael Stewart raiz dir dir dir esq dir esq esq esq NÃO
Mike Davis raiz dir dir dir esq dir esq esq SIM
Montrezl Harrell raiz dir dir dir esq dir esq esq dir esq NÃO
Nick Fazekas raiz dir dir dir esq dir esq esq dir esq NÃO
Nikola Vucevic raiz dir dir dir esq dir esq esq dir esq NÃO
Nolan Smith raiz dir dir dir esq dir esq esq dir esq NÃO
Ollie Johnson raiz dir dir dir esq dir esq esq dir SIM
Omri Casspi raiz dir dir dir esq dir esq esq dir dir NÃO
Othello Hunter raiz dir dir dir esq dir esq esq dir dir NÃO
Paul Walther raiz dir dir dir esq dir esq SIM
Peyton Siva raiz dir dir dir esq dir esq dir esq NÃO
Predrag Drobnjak raiz dir dir dir esq dir esq dir esq NÃO
Quincy Acy raiz dir dir dir esq dir esq dir esq NÃO
Ralph Drollinger raiz dir dir dir esq dir esq dir esq NÃO
Robert Horry raiz dir dir dir esq dir esq dir SIM
Ron Harper raiz dir dir dir esq dir SIM
Russ Schoene raiz dir dir dir SIM
Sarunas Marciulionis raiz dir dir dir dir esq NÃO
Stephen Thompson raiz dir dir dir dir dir SIM
Thaddeus Young raiz dir dir dir dir dir dir esq esq NÃO
Toby Kimball raiz dir dir dir dir dir dir esq SIM
Tony Bennett raiz dir dir dir dir dir dir SIM
Walter Dukes raiz dir dir dir dir dir dir dir NÃO
