Aaron Williams NAO
Adrian Smith NAO
Al Ferrari NAO
Alec Kessler NAO
Andy Johnson NAO
Ariel Maughan NAO
Art Burris NAO
Ben McDonald NAO
Ben Poquette NAO
Bill Ebben NAO
Bill Laimbeer NAO
Bob Kinney NAO
Bob Schafer NAO
Bones McKinney NAO
Carl Shaeffer NAO
Cheick Diallo NAO
Chris Harris NAO
Chris Welp NAO
Cliff Barker NAO
Craig Dykema NAO
Curtis Kitchen NAO
Damian Jones NAO
Damjan Rudez NAO
Darnell Mee NAO
Darren Tillis NAO
Darryl Johnson NAO
Dejounte Murray NAO
Devin Booker NAO
Devyn Marble NAO
Dick Schnittker NAO
Dijon Thompson NAO
Donatas Motiejunas NAO
Ed Dahler NAO
Eddie Phillips NAO
Eric Riley NAO
Frank Johnson NAO
Frank Selvy NAO
Gaylon Nickerson NAO
George Reynolds NAO
Glenn McDonald NAO
Harold Pressley NAO
Hassan Whiteside NAO
Herb Williams NAO
Hiram Fuller NAO
Ira Newble NAO
Jack George NAO
Jack Molinas NAO
James Blackwell NAO
Jaren Jackson NAO
Jeff Sanders NAO
Jeremy Evans NAO
Jerry Fleishman NAO
Joe Buckhalter NAO
Joe Caldwell NAO
Joe Young NAO
John Johnson NAO
John Stroud NAO
Johnny Jones NAO
Johnny Orr NAO
Ken Johnson NAO
Ken Norman NAO
Kevin Grevey NAO
Kevin Willis NAO
Larry Drew NAO
Larry Sykes NAO
Leo Kubiak NAO
Lionel Chalmers NAO
Lorenzen Wright NAO
Luigi Datome NAO
Luis Flores NAO
Mamadou N'Diaye NAO
Marcus Fizer NAO
Mark Strickland NAO
Marvin Barnes NAO
Mason Plumlee NAO
Michael Phelps NAO
Michael Stewart NAO
Mike Davis NAO
Montrezl Harrell NAO
Nick Fazekas NAO
Nikola Vucevic NAO
Nolan Smith NAO
Ollie Johnson NAO
Omri Casspi NAO
Othello Hunter NAO
Paul Walther NAO
Peyton Siva NAO
Predrag Drobnjak NAO
Quincy Acy NAO
Ralph Drollinger NAO
Robert Horry NAO
Ron Harper NAO
Russ Schoene NAO
Sarunas Marciulionis 